# JRE version: Java(TM) SE Runtime Environment (8.0_144-b01) (build 1.8.0_144-b01)
# Java VM: Java HotSpot(TM) Client VM (25.144-b01 mixed mode windows-x86 )
Heap:
 def new generation   total 127232K, used 69459K [0x07000000, 0x0fa00000, 0x11aa0000)
  eden space 113152K,  53% used [0x07000000, 0x0ab59ac8, 0x0de80000)
  from space 14080K,  61% used [0x0ec40000, 0x0f4bb3e8, 0x0fa00000)
  to   space 14080K,   0% used [0x0de80000, 0x0de80000, 0x0ec40000)
 tenured generation   total 282440K, used 227922K [0x11aa0000, 0x22e72000, 0x27000000)
   the space 282440K,  80% used [0x11aa0000, 0x1f934948, 0x1f934a00, 0x22e72000)
 Metaspace       used 31139K, capacity 33764K, committed 33792K, reserved 34176K
GC Heap History (10 events):
Event: 2607.245 GC heap before
{Heap before GC invocations=150 (full 14):
 def new generation   total 127232K, used 120667K [0x07000000, 0x0fa00000, 0x11aa0000)
  eden space 113152K, 100% used [0x07000000, 0x0de80000, 0x0de80000)
  from space 14080K,  53% used [0x0de80000, 0x0e5d6c40, 0x0ec40000)
  to   space 14080K,   0% used [0x0ec40000, 0x0ec40000, 0x0fa00000)
 tenured generation   total 282440K, used 182362K [0x11aa0000, 0x22e72000, 0x27000000)
   the space 282440K,  64% used [0x11aa0000, 0x1ccb6a38, 0x1ccb6c00, 0x22e72000)
 Metaspace       used 31081K, capacity 33687K, committed 33792K, reserved 34176K
Event: 2607.260 GC heap after
Heap after GC invocations=151 (full 14):
 def new generation   total 127232K, used 9675K [0x07000000, 0x0fa00000, 0x11aa0000)
  eden space 113152K,   0% used [0x07000000, 0x07000000, 0x0de80000)
  from space 14080K,  68% used [0x0ec40000, 0x0f5b2d18, 0x0fa00000)
  to   space 14080K,   0% used [0x0de80000, 0x0de80000, 0x0ec40000)
 tenured generation   total 282440K, used 183107K [0x11aa0000, 0x22e72000, 0x27000000)
   the space 282440K,  64% used [0x11aa0000, 0x1cd70df0, 0x1cd70e00, 0x22e72000)
 Metaspace       used 31081K, capacity 33687K, committed 33792K, reserved 34176K
}
Event: 2627.619 GC heap before
{Heap before GC invocations=151 (full 14):
 def new generation   total 127232K, used 122827K [0x07000000, 0x0fa00000, 0x11aa0000)
  eden space 113152K, 100% used [0x07000000, 0x0de80000, 0x0de80000)
  from space 14080K,  68% used [0x0ec40000, 0x0f5b2d18, 0x0fa00000)
  to   space 14080K,   0% used [0x0de80000, 0x0de80000, 0x0ec40000)
 tenured generation   total 282440K, used 183107K [0x11aa0000, 0x22e72000, 0x27000000)
   the space 282440K,  64% used [0x11aa0000, 0x1cd70df0, 0x1cd70e00, 0x22e72000)
 Metaspace       used 31081K, capacity 33687K, committed 33792K, reserved 34176K
Event: 2627.646 GC heap after
Heap after GC invocations=152 (full 14):
 def new generation   total 127232K, used 11522K [0x07000000, 0x0fa00000, 0x11aa0000)
  eden space 113152K,   0% used [0x07000000, 0x07000000, 0x0de80000)
  from space 14080K,  81% used [0x0de80000, 0x0e9c0998, 0x0ec40000)
  to   space 14080K,   0% used [0x0ec40000, 0x0ec40000, 0x0fa00000)
 tenured generation   total 282440K, used 191515K [0x11aa0000, 0x22e72000, 0x27000000)
   the space 282440K,  67% used [0x11aa0000, 0x1d5a6fb0, 0x1d5a7000, 0x22e72000)
 Metaspace       used 31081K, capacity 33687K, committed 33792K, reserved 34176K
}
Event: 2646.048 GC heap before
{Heap before GC invocations=152 (full 14):
 def new generation   total 127232K, used 124674K [0x07000000, 0x0fa00000, 0x11aa0000)
  eden space 113152K, 100% used [0x07000000, 0x0de80000, 0x0de80000)
  from space 14080K,  81% used [0x0de80000, 0x0e9c0998, 0x0ec40000)
  to   space 14080K,   0% used [0x0ec40000, 0x0ec40000, 0x0fa00000)
 tenured generation   total 282440K, used 191515K [0x11aa0000, 0x22e72000, 0x27000000)
   the space 282440K,  67% used [0x11aa0000, 0x1d5a6fb0, 0x1d5a7000, 0x22e72000)
 Metaspace       used 31081K, capacity 33687K, committed 33792K, reserved 34176K
Event: 2646.087 GC heap after
Heap after GC invocations=153 (full 14):
 def new generation   total 127232K, used 14080K [0x07000000, 0x0fa00000, 0x11aa0000)
  eden space 113152K,   0% used [0x07000000, 0x07000000, 0x0de80000)
  from space 14080K, 100% used [0x0ec40000, 0x0fa00000, 0x0fa00000)
  to   space 14080K,   0% used [0x0de80000, 0x0de80000, 0x0ec40000)
 tenured generation   total 282440K, used 205723K [0x11aa0000, 0x22e72000, 0x27000000)
   the space 282440K,  72% used [0x11aa0000, 0x1e386d28, 0x1e386e00, 0x22e72000)
 Metaspace       used 31081K, capacity 33687K, committed 33792K, reserved 34176K
}
Event: 2762.809 GC heap before
{Heap before GC invocations=153 (full 14):
 def new generation   total 127232K, used 127232K [0x07000000, 0x0fa00000, 0x11aa0000)
  eden space 113152K, 100% used [0x07000000, 0x0de80000, 0x0de80000)
  from space 14080K, 100% used [0x0ec40000, 0x0fa00000, 0x0fa00000)
  to   space 14080K,   0% used [0x0de80000, 0x0de80000, 0x0ec40000)
 tenured generation   total 282440K, used 205723K [0x11aa0000, 0x22e72000, 0x27000000)
   the space 282440K,  72% used [0x11aa0000, 0x1e386d28, 0x1e386e00, 0x22e72000)
 Metaspace       used 31081K, capacity 33687K, committed 33792K, reserved 34176K
Event: 2762.835 GC heap after
Heap after GC invocations=154 (full 14):
 def new generation   total 127232K, used 12588K [0x07000000, 0x0fa00000, 0x11aa0000)
  eden space 113152K,   0% used [0x07000000, 0x07000000, 0x0de80000)
  from space 14080K,  89% used [0x0de80000, 0x0eacb388, 0x0ec40000)
  to   space 14080K,   0% used [0x0ec40000, 0x0ec40000, 0x0fa00000)
 tenured generation   total 282440K, used 219643K [0x11aa0000, 0x22e72000, 0x27000000)
   the space 282440K,  77% used [0x11aa0000, 0x1f11ed40, 0x1f11ee00, 0x22e72000)
 Metaspace       used 31081K, capacity 33687K, committed 33792K, reserved 34176K
}
Event: 2928.905 GC heap before
{Heap before GC invocations=154 (full 14):
 def new generation   total 127232K, used 125740K [0x07000000, 0x0fa00000, 0x11aa0000)
  eden space 113152K, 100% used [0x07000000, 0x0de80000, 0x0de80000)
  from space 14080K,  89% used [0x0de80000, 0x0eacb388, 0x0ec40000)
  to   space 14080K,   0% used [0x0ec40000, 0x0ec40000, 0x0fa00000)
 tenured generation   total 282440K, used 219643K [0x11aa0000, 0x22e72000, 0x27000000)
   the space 282440K,  77% used [0x11aa0000, 0x1f11ed40, 0x1f11ee00, 0x22e72000)
 Metaspace       used 31081K, capacity 33687K, committed 33792K, reserved 34176K
Event: 2928.928 GC heap after
Heap after GC invocations=155 (full 14):
 def new generation   total 127232K, used 8684K [0x07000000, 0x0fa00000, 0x11aa0000)
  eden space 113152K,   0% used [0x07000000, 0x07000000, 0x0de80000)
  from space 14080K,  61% used [0x0ec40000, 0x0f4bb3e8, 0x0fa00000)
  to   space 14080K,   0% used [0x0de80000, 0x0de80000, 0x0ec40000)
 tenured generation   total 282440K, used 227922K [0x11aa0000, 0x22e72000, 0x27000000)
   the space 282440K,  80% used [0x11aa0000, 0x1f934948, 0x1f934a00, 0x22e72000)
 Metaspace       used 31081K, capacity 33687K, committed 33792K, reserved 34176K
}

